2011-11-20 16:03:07 Error: [MissingActionException] Action PagesController::sobre-este-site() could not be found.
#0 D:\PHP\xampp\htdocs\xampp\sites\cursocake\lib\Cake\Routing\Dispatcher.php(107): Controller->invokeAction(Object(CakeRequest))
#1 D:\PHP\xampp\htdocs\xampp\sites\cursocake\lib\Cake\Routing\Dispatcher.php(89): Dispatcher->_invoke(Object(PagesController), Object(CakeRequest), Object(CakeResponse))
#2 D:\PHP\xampp\htdocs\xampp\sites\cursocake\app\webroot\index.php(96): Dispatcher->dispatch(Object(CakeRequest), Object(CakeResponse))
#3 {main}
2011-11-20 16:04:12 Error: [MissingViewException] View file "D:\PHP\xampp\htdocs\xampp\sites\cursocake\app\View\Pages\sobre-este-site.ctp" is missing.
#0 D:\PHP\xampp\htdocs\xampp\sites\cursocake\lib\Cake\View\View.php(363): View->_getViewFileName('sobre-este-site')
#1 D:\PHP\xampp\htdocs\xampp\sites\cursocake\lib\Cake\Controller\Controller.php(900): View->render('sobre-este-site', NULL)
#2 D:\PHP\xampp\htdocs\xampp\sites\cursocake\lib\Cake\Controller\PagesController.php(80): Controller->render('sobre-este-site')
#3 [internal function]: PagesController->display('sobre-este-site')
#4 D:\PHP\xampp\htdocs\xampp\sites\cursocake\lib\Cake\Controller\Controller.php(473): ReflectionMethod->invokeArgs(Object(PagesController), Array)
#5 D:\PHP\xampp\htdocs\xampp\sites\cursocake\lib\Cake\Routing\Dispatcher.php(107): Controller->invokeAction(Object(CakeRequest))
#6 D:\PHP\xampp\htdocs\xampp\sites\cursocake\lib\Cake\Routing\Dispatcher.php(89): Dispatcher->_invoke(Object(PagesController), Object(CakeRequest), Object(CakeResponse))
#7 D:\PHP\xampp\htdocs\xampp\sites\cursocake\app\webroot\index.php(96): Dispatcher->dispatch(Object(CakeRequest), Object(CakeResponse))
#8 {main}
2011-11-26 23:19:36 Error: [MissingActionException] Action PagesController::%3Cimg%20src=%22() could not be found.
#0 D:\PHP\xampp\htdocs\xampp\sites\cursocake\lib\Cake\Routing\Dispatcher.php(107): Controller->invokeAction(Object(CakeRequest))
#1 D:\PHP\xampp\htdocs\xampp\sites\cursocake\lib\Cake\Routing\Dispatcher.php(89): Dispatcher->_invoke(Object(PagesController), Object(CakeRequest), Object(CakeResponse))
#2 D:\PHP\xampp\htdocs\xampp\sites\cursocake\app\webroot\index.php(96): Dispatcher->dispatch(Object(CakeRequest), Object(CakeResponse))
#3 {main}
2011-11-26 23:19:57 Error: [MissingActionException] Action PagesController::img() could not be found.
#0 D:\PHP\xampp\htdocs\xampp\sites\cursocake\lib\Cake\Routing\Dispatcher.php(107): Controller->invokeAction(Object(CakeRequest))
#1 D:\PHP\xampp\htdocs\xampp\sites\cursocake\lib\Cake\Routing\Dispatcher.php(89): Dispatcher->_invoke(Object(PagesController), Object(CakeRequest), Object(CakeResponse))
#2 D:\PHP\xampp\htdocs\xampp\sites\cursocake\app\webroot\index.php(96): Dispatcher->dispatch(Object(CakeRequest), Object(CakeResponse))
#3 {main}
2011-11-26 23:20:14 Error: [MissingActionException] Action PagesController::img() could not be found.
#0 D:\PHP\xampp\htdocs\xampp\sites\cursocake\lib\Cake\Routing\Dispatcher.php(107): Controller->invokeAction(Object(CakeRequest))
#1 D:\PHP\xampp\htdocs\xampp\sites\cursocake\lib\Cake\Routing\Dispatcher.php(89): Dispatcher->_invoke(Object(PagesController), Object(CakeRequest), Object(CakeResponse))
#2 D:\PHP\xampp\htdocs\xampp\sites\cursocake\app\webroot\index.php(96): Dispatcher->dispatch(Object(CakeRequest), Object(CakeResponse))
#3 {main}
2011-12-10 22:38:13 Error: [MissingActionException] Action InscricoesController::index() could not be found.
#0 D:\PHP\xampp\htdocs\xampp\sites\cursocake\lib\Cake\Routing\Dispatcher.php(107): Controller->invokeAction(Object(CakeRequest))
#1 D:\PHP\xampp\htdocs\xampp\sites\cursocake\lib\Cake\Routing\Dispatcher.php(89): Dispatcher->_invoke(Object(InscricoesController), Object(CakeRequest), Object(CakeResponse))
#2 D:\PHP\xampp\htdocs\xampp\sites\cursocake\app\webroot\index.php(96): Dispatcher->dispatch(Object(CakeRequest), Object(CakeResponse))
#3 {main}
2011-12-11 00:06:50 Error: [MissingTableException] Database table incricoes for model Inscricao was not found.
#0 D:\PHP\xampp\htdocs\xampp\sites\cursocake\lib\Cake\Model\Model.php(3238): Model->setSource('incricoes')
#1 D:\PHP\xampp\htdocs\xampp\sites\cursocake\lib\Cake\Model\Model.php(1206): Model->getDataSource()
#2 D:\PHP\xampp\htdocs\xampp\sites\cursocake\lib\Cake\View\Helper\FormHelper.php(198): Model->schema()
#3 D:\PHP\xampp\htdocs\xampp\sites\cursocake\lib\Cake\View\Helper\FormHelper.php(450): FormHelper->_introspectModel('Inscricao', 'fields')
#4 D:\PHP\xampp\htdocs\xampp\sites\cursocake\app\View\inscricoes\inscrever.ctp(14): FormHelper->create('Inscricao')
#5 D:\PHP\xampp\htdocs\xampp\sites\cursocake\lib\Cake\View\View.php(598): include('D:\PHP\xampp\ht...')
#6 D:\PHP\xampp\htdocs\xampp\sites\cursocake\lib\Cake\View\View.php(365): View->_render('D:\PHP\xampp\ht...')
#7 D:\PHP\xampp\htdocs\xampp\sites\cursocake\lib\Cake\Controller\Controller.php(900): View->render(NULL, NULL)
#8 D:\PHP\xampp\htdocs\xampp\sites\cursocake\lib\Cake\Routing\Dispatcher.php(114): Controller->render()
#9 D:\PHP\xampp\htdocs\xampp\sites\cursocake\lib\Cake\Routing\Dispatcher.php(89): Dispatcher->_invoke(Object(InscricoesController), Object(CakeRequest), Object(CakeResponse))
#10 D:\PHP\xampp\htdocs\xampp\sites\cursocake\app\webroot\index.php(96): Dispatcher->dispatch(Object(CakeRequest), Object(CakeResponse))
#11 {main}
2011-12-11 00:09:29 Error: [MissingTableException] Database table incricoes for model Inscricao was not found.
#0 D:\PHP\xampp\htdocs\xampp\sites\cursocake\lib\Cake\Model\Model.php(3238): Model->setSource('incricoes')
#1 D:\PHP\xampp\htdocs\xampp\sites\cursocake\lib\Cake\Model\Model.php(1206): Model->getDataSource()
#2 D:\PHP\xampp\htdocs\xampp\sites\cursocake\lib\Cake\View\Helper\FormHelper.php(198): Model->schema()
#3 D:\PHP\xampp\htdocs\xampp\sites\cursocake\lib\Cake\View\Helper\FormHelper.php(450): FormHelper->_introspectModel('Inscricao', 'fields')
#4 D:\PHP\xampp\htdocs\xampp\sites\cursocake\app\View\inscricoes\inscrever.ctp(14): FormHelper->create()
#5 D:\PHP\xampp\htdocs\xampp\sites\cursocake\lib\Cake\View\View.php(598): include('D:\PHP\xampp\ht...')
#6 D:\PHP\xampp\htdocs\xampp\sites\cursocake\lib\Cake\View\View.php(365): View->_render('D:\PHP\xampp\ht...')
#7 D:\PHP\xampp\htdocs\xampp\sites\cursocake\lib\Cake\Controller\Controller.php(900): View->render(NULL, NULL)
#8 D:\PHP\xampp\htdocs\xampp\sites\cursocake\lib\Cake\Routing\Dispatcher.php(114): Controller->render()
#9 D:\PHP\xampp\htdocs\xampp\sites\cursocake\lib\Cake\Routing\Dispatcher.php(89): Dispatcher->_invoke(Object(InscricoesController), Object(CakeRequest), Object(CakeResponse))
#10 D:\PHP\xampp\htdocs\xampp\sites\cursocake\app\webroot\index.php(96): Dispatcher->dispatch(Object(CakeRequest), Object(CakeResponse))
#11 {main}
2011-12-11 00:13:07 Error: [MissingTableException] Database table incricoes for model Inscricao was not found.
#0 D:\PHP\xampp\htdocs\xampp\sites\cursocake\lib\Cake\Model\Model.php(3238): Model->setSource('incricoes')
#1 D:\PHP\xampp\htdocs\xampp\sites\cursocake\lib\Cake\Model\Model.php(1206): Model->getDataSource()
#2 D:\PHP\xampp\htdocs\xampp\sites\cursocake\lib\Cake\View\Helper\FormHelper.php(198): Model->schema()
#3 D:\PHP\xampp\htdocs\xampp\sites\cursocake\lib\Cake\View\Helper\FormHelper.php(450): FormHelper->_introspectModel('Inscricao', 'fields')
#4 D:\PHP\xampp\htdocs\xampp\sites\cursocake\app\View\inscricoes\inscrever.ctp(14): FormHelper->create('Inscricao')
#5 D:\PHP\xampp\htdocs\xampp\sites\cursocake\lib\Cake\View\View.php(598): include('D:\PHP\xampp\ht...')
#6 D:\PHP\xampp\htdocs\xampp\sites\cursocake\lib\Cake\View\View.php(365): View->_render('D:\PHP\xampp\ht...')
#7 D:\PHP\xampp\htdocs\xampp\sites\cursocake\lib\Cake\Controller\Controller.php(900): View->render(NULL, NULL)
#8 D:\PHP\xampp\htdocs\xampp\sites\cursocake\lib\Cake\Routing\Dispatcher.php(114): Controller->render()
#9 D:\PHP\xampp\htdocs\xampp\sites\cursocake\lib\Cake\Routing\Dispatcher.php(89): Dispatcher->_invoke(Object(InscricoesController), Object(CakeRequest), Object(CakeResponse))
#10 D:\PHP\xampp\htdocs\xampp\sites\cursocake\app\webroot\index.php(96): Dispatcher->dispatch(Object(CakeRequest), Object(CakeResponse))
#11 {main}
2011-12-11 00:37:22 Error: [MissingControllerException] Controller class InscricaoController could not be found.
#0 D:\PHP\xampp\htdocs\xampp\sites\cursocake\app\webroot\index.php(96): Dispatcher->dispatch(Object(CakeRequest), Object(CakeResponse))
#1 {main}
2011-12-11 00:37:23 Error: [MissingControllerException] Controller class InscricaoController could not be found.
#0 D:\PHP\xampp\htdocs\xampp\sites\cursocake\app\webroot\index.php(96): Dispatcher->dispatch(Object(CakeRequest), Object(CakeResponse))
#1 {main}
2011-12-11 00:37:33 Error: [MissingControllerException] Controller class InscricaoController could not be found.
#0 D:\PHP\xampp\htdocs\xampp\sites\cursocake\app\webroot\index.php(96): Dispatcher->dispatch(Object(CakeRequest), Object(CakeResponse))
#1 {main}
2011-12-11 00:37:55 Error: [MissingControllerException] Controller class InscricaosController could not be found.
#0 D:\PHP\xampp\htdocs\xampp\sites\cursocake\app\webroot\index.php(96): Dispatcher->dispatch(Object(CakeRequest), Object(CakeResponse))
#1 {main}
2011-12-11 00:38:17 Error: [MissingControllerException] Controller class InscricaosController could not be found.
#0 D:\PHP\xampp\htdocs\xampp\sites\cursocake\app\webroot\index.php(96): Dispatcher->dispatch(Object(CakeRequest), Object(CakeResponse))
#1 {main}
2011-12-11 00:44:27 Error: [MissingControllerException] Controller class InscricaosController could not be found.
#0 D:\PHP\xampp\htdocs\xampp\sites\cursocake\app\webroot\index.php(96): Dispatcher->dispatch(Object(CakeRequest), Object(CakeResponse))
#1 {main}
2011-12-11 00:45:32 Error: [MissingControllerException] Controller class InscricaosController could not be found.
#0 D:\PHP\xampp\htdocs\xampp\sites\cursocake\app\webroot\index.php(96): Dispatcher->dispatch(Object(CakeRequest), Object(CakeResponse))
#1 {main}
2011-12-11 00:49:15 Error: [MissingControllerException] Controller class InscricaosController could not be found.
#0 D:\PHP\xampp\htdocs\xampp\sites\cursocake\app\webroot\index.php(96): Dispatcher->dispatch(Object(CakeRequest), Object(CakeResponse))
#1 {main}
2011-12-11 00:54:23 Error: [PDOException] SQLSTATE[23000]: Integrity constraint violation: 1062 Duplicate entry 'alexkoti@gmail.com' for key 'email'
#0 D:\PHP\xampp\htdocs\xampp\sites\cursocake\lib\Cake\Model\Datasource\DboSource.php(436): PDOStatement->execute(Array)
#1 D:\PHP\xampp\htdocs\xampp\sites\cursocake\lib\Cake\Model\Datasource\DboSource.php(403): DboSource->_execute('INSERT INTO `in...', Array)
#2 D:\PHP\xampp\htdocs\xampp\sites\cursocake\lib\Cake\Model\Datasource\DboSource.php(967): DboSource->execute('INSERT INTO `in...')
#3 D:\PHP\xampp\htdocs\xampp\sites\cursocake\lib\Cake\Model\Model.php(1629): DboSource->create(Object(Inscricao), Array, Array)
#4 D:\PHP\xampp\htdocs\xampp\sites\cursocake\app\Controller\InscricoesController.php(22): Model->save(Array)
#5 [internal function]: InscricoesController->inscrever()
#6 D:\PHP\xampp\htdocs\xampp\sites\cursocake\lib\Cake\Controller\Controller.php(473): ReflectionMethod->invokeArgs(Object(InscricoesController), Array)
#7 D:\PHP\xampp\htdocs\xampp\sites\cursocake\lib\Cake\Routing\Dispatcher.php(107): Controller->invokeAction(Object(CakeRequest))
#8 D:\PHP\xampp\htdocs\xampp\sites\cursocake\lib\Cake\Routing\Dispatcher.php(89): Dispatcher->_invoke(Object(InscricoesController), Object(CakeRequest), Object(CakeResponse))
#9 D:\PHP\xampp\htdocs\xampp\sites\cursocake\app\webroot\index.php(96): Dispatcher->dispatch(Object(CakeRequest), Object(CakeResponse))
#10 {main}
2011-12-11 01:17:09 Error: [MissingControllerException] Controller class InscricaosController could not be found.
#0 D:\PHP\xampp\htdocs\xampp\sites\cursocake\app\webroot\index.php(96): Dispatcher->dispatch(Object(CakeRequest), Object(CakeResponse))
#1 {main}
2011-12-11 01:19:43 Error: [MissingControllerException] Controller class InscricaosController could not be found.
#0 D:\PHP\xampp\htdocs\xampp\sites\cursocake\app\webroot\index.php(96): Dispatcher->dispatch(Object(CakeRequest), Object(CakeResponse))
#1 {main}
2011-12-11 01:20:19 Error: [MissingControllerException] Controller class InscricaosController could not be found.
#0 D:\PHP\xampp\htdocs\xampp\sites\cursocake\app\webroot\index.php(96): Dispatcher->dispatch(Object(CakeRequest), Object(CakeResponse))
#1 {main}
2011-12-11 01:47:25 Error: [MissingControllerException] Controller class InscricaoController could not be found.
#0 D:\PHP\xampp\htdocs\xampp\sites\cursocake\app\webroot\index.php(96): Dispatcher->dispatch(Object(CakeRequest), Object(CakeResponse))
#1 {main}
2011-12-11 01:47:50 Error: [PDOException] SQLSTATE[23000]: Integrity constraint violation: 1062 Duplicate entry ' 78s6dtf 76std f7' for key 'email'
#0 D:\PHP\xampp\htdocs\xampp\sites\cursocake\lib\Cake\Model\Datasource\DboSource.php(436): PDOStatement->execute(Array)
#1 D:\PHP\xampp\htdocs\xampp\sites\cursocake\lib\Cake\Model\Datasource\DboSource.php(403): DboSource->_execute('INSERT INTO `in...', Array)
#2 D:\PHP\xampp\htdocs\xampp\sites\cursocake\lib\Cake\Model\Datasource\DboSource.php(967): DboSource->execute('INSERT INTO `in...')
#3 D:\PHP\xampp\htdocs\xampp\sites\cursocake\lib\Cake\Model\Model.php(1629): DboSource->create(Object(Inscricao), Array, Array)
#4 D:\PHP\xampp\htdocs\xampp\sites\cursocake\app\Controller\InscricoesController.php(22): Model->save(Array)
#5 [internal function]: InscricoesController->inscrever()
#6 D:\PHP\xampp\htdocs\xampp\sites\cursocake\lib\Cake\Controller\Controller.php(473): ReflectionMethod->invokeArgs(Object(InscricoesController), Array)
#7 D:\PHP\xampp\htdocs\xampp\sites\cursocake\lib\Cake\Routing\Dispatcher.php(107): Controller->invokeAction(Object(CakeRequest))
#8 D:\PHP\xampp\htdocs\xampp\sites\cursocake\lib\Cake\Routing\Dispatcher.php(89): Dispatcher->_invoke(Object(InscricoesController), Object(CakeRequest), Object(CakeResponse))
#9 D:\PHP\xampp\htdocs\xampp\sites\cursocake\app\webroot\index.php(96): Dispatcher->dispatch(Object(CakeRequest), Object(CakeResponse))
#10 {main}
2011-12-11 01:57:31 Error: [MissingViewException] View file "D:\PHP\xampp\htdocs\xampp\sites\cursocake\app\View\Profiles\add.ctp" is missing.
#0 D:\PHP\xampp\htdocs\xampp\sites\cursocake\lib\Cake\View\View.php(363): View->_getViewFileName(NULL)
#1 D:\PHP\xampp\htdocs\xampp\sites\cursocake\lib\Cake\Controller\Controller.php(900): View->render(NULL, NULL)
#2 D:\PHP\xampp\htdocs\xampp\sites\cursocake\lib\Cake\Routing\Dispatcher.php(114): Controller->render()
#3 D:\PHP\xampp\htdocs\xampp\sites\cursocake\lib\Cake\Routing\Dispatcher.php(89): Dispatcher->_invoke(Object(ProfilesController), Object(CakeRequest), Object(CakeResponse))
#4 D:\PHP\xampp\htdocs\xampp\sites\cursocake\app\webroot\index.php(96): Dispatcher->dispatch(Object(CakeRequest), Object(CakeResponse))
#5 {main}
2011-12-11 02:01:40 Error: [MissingViewException] View file "D:\PHP\xampp\htdocs\xampp\sites\cursocake\app\View\Profiles\adicionar.ctp" is missing.
#0 D:\PHP\xampp\htdocs\xampp\sites\cursocake\lib\Cake\View\View.php(363): View->_getViewFileName(NULL)
#1 D:\PHP\xampp\htdocs\xampp\sites\cursocake\lib\Cake\Controller\Controller.php(900): View->render(NULL, NULL)
#2 D:\PHP\xampp\htdocs\xampp\sites\cursocake\lib\Cake\Routing\Dispatcher.php(114): Controller->render()
#3 D:\PHP\xampp\htdocs\xampp\sites\cursocake\lib\Cake\Routing\Dispatcher.php(89): Dispatcher->_invoke(Object(ProfilesController), Object(CakeRequest), Object(CakeResponse))
#4 D:\PHP\xampp\htdocs\xampp\sites\cursocake\app\webroot\index.php(96): Dispatcher->dispatch(Object(CakeRequest), Object(CakeResponse))
#5 {main}
2011-12-21 16:10:26 Error: [MissingTableException] Database table palestras for model Palestra was not found.
#0 D:\PHP\xampp\htdocs\xampp\sites\cursocake\lib\Cake\Model\Model.php(3238): Model->setSource('palestras')
#1 D:\PHP\xampp\htdocs\xampp\sites\cursocake\lib\Cake\Model\Model.php(2460): Model->getDataSource()
#2 D:\PHP\xampp\htdocs\xampp\sites\cursocake\lib\Cake\Controller\Component\PaginatorComponent.php(172): Model->find('all', Array)
#3 D:\PHP\xampp\htdocs\xampp\sites\cursocake\lib\Cake\Controller\Controller.php(1025): PaginatorComponent->paginate(NULL, Array, Array)
#4 D:\PHP\xampp\htdocs\xampp\sites\cursocake\app\Controller\PalestrasController.php(14): Controller->paginate()
#5 [internal function]: PalestrasController->index()
#6 D:\PHP\xampp\htdocs\xampp\sites\cursocake\lib\Cake\Controller\Controller.php(473): ReflectionMethod->invokeArgs(Object(PalestrasController), Array)
#7 D:\PHP\xampp\htdocs\xampp\sites\cursocake\lib\Cake\Routing\Dispatcher.php(107): Controller->invokeAction(Object(CakeRequest))
#8 D:\PHP\xampp\htdocs\xampp\sites\cursocake\lib\Cake\Routing\Dispatcher.php(89): Dispatcher->_invoke(Object(PalestrasController), Object(CakeRequest), Object(CakeResponse))
#9 D:\PHP\xampp\htdocs\xampp\sites\cursocake\app\webroot\index.php(96): Dispatcher->dispatch(Object(CakeRequest), Object(CakeResponse))
#10 {main}
2011-12-21 16:18:42 Error: [MissingActionException] Action PalestrantesController::ver() could not be found.
#0 D:\PHP\xampp\htdocs\xampp\sites\cursocake\lib\Cake\Routing\Dispatcher.php(107): Controller->invokeAction(Object(CakeRequest))
#1 D:\PHP\xampp\htdocs\xampp\sites\cursocake\lib\Cake\Routing\Dispatcher.php(89): Dispatcher->_invoke(Object(PalestrantesController), Object(CakeRequest), Object(CakeResponse))
#2 D:\PHP\xampp\htdocs\xampp\sites\cursocake\app\webroot\index.php(96): Dispatcher->dispatch(Object(CakeRequest), Object(CakeResponse))
#3 {main}
2011-12-21 16:18:50 Error: [MissingActionException] Action PalestrasController::adicionar() could not be found.
#0 D:\PHP\xampp\htdocs\xampp\sites\cursocake\lib\Cake\Routing\Dispatcher.php(107): Controller->invokeAction(Object(CakeRequest))
#1 D:\PHP\xampp\htdocs\xampp\sites\cursocake\lib\Cake\Routing\Dispatcher.php(89): Dispatcher->_invoke(Object(PalestrasController), Object(CakeRequest), Object(CakeResponse))
#2 D:\PHP\xampp\htdocs\xampp\sites\cursocake\app\webroot\index.php(96): Dispatcher->dispatch(Object(CakeRequest), Object(CakeResponse))
#3 {main}
